#################################################################
# If you used AutoDock Vina in your work, please cite:          #
#                                                               #
# O. Trott, A. J. Olson,                                        #
# AutoDock Vina: improving the speed and accuracy of docking    #
# with a new scoring function, efficient optimization and       #
# multithreading, Journal of Computational Chemistry 31 (2010)  #
# 455-461                                                       #
#                                                               #
# DOI 10.1002/jcc.21334                                         #
#                                                               #
# Please see http://vina.scripps.edu for more information.      #
#################################################################

Detected 4 CPUs
Reading input ... done.
Setting up the scoring function ... done.
Analyzing the binding site ... done.
Using random seed: -370275369
Performing search ... done.
Refining results ... done.

mode |   affinity | dist from best mode
     | (kcal/mol) | rmsd l.b.| rmsd u.b.
-----+------------+----------+----------
   1         -2.2      0.000      0.000
   2         -2.2      3.227      5.003
   3         -2.1      2.030      2.540
   4         -2.0      2.968      4.601
   5         -2.0      3.142      4.825
   6         -1.9      2.650      3.439
   7         -1.9      2.729      3.514
   8         -1.9      2.874      4.401
   9         -1.9      3.218      3.534
Writing output ... done.
