#################################################################
# If you used AutoDock Vina in your work, please cite:          #
#                                                               #
# O. Trott, A. J. Olson,                                        #
# AutoDock Vina: improving the speed and accuracy of docking    #
# with a new scoring function, efficient optimization and       #
# multithreading, Journal of Computational Chemistry 31 (2010)  #
# 455-461                                                       #
#                                                               #
# DOI 10.1002/jcc.21334                                         #
#                                                               #
# Please see http://vina.scripps.edu for more information.      #
#################################################################

Detected 8 CPUs
Reading input ... done.
Setting up the scoring function ... done.
Analyzing the binding site ... done.
Using random seed: 1770604392
Performing search ... done.
Refining results ... done.

mode |   affinity | dist from best mode
     | (kcal/mol) | rmsd l.b.| rmsd u.b.
-----+------------+----------+----------
   1         -2.4      0.000      0.000
   2         -2.1      2.236      5.732
   3         -2.1      3.021      4.669
   4         -2.1      2.087      5.233
   5         -2.0      2.461      4.517
   6         -2.0      1.929      5.855
   7         -2.0      3.210      5.530
   8         -1.9      2.751      5.891
   9         -1.8      2.739      4.054
Writing output ... done.
