#################################################################
# If you used AutoDock Vina in your work, please cite:          #
#                                                               #
# O. Trott, A. J. Olson,                                        #
# AutoDock Vina: improving the speed and accuracy of docking    #
# with a new scoring function, efficient optimization and       #
# multithreading, Journal of Computational Chemistry 31 (2010)  #
# 455-461                                                       #
#                                                               #
# DOI 10.1002/jcc.21334                                         #
#                                                               #
# Please see http://vina.scripps.edu for more information.      #
#################################################################

Detected 2 CPUs
Reading input ... done.
Setting up the scoring function ... done.
Analyzing the binding site ... done.
Using random seed: 1246451728
Performing search ... done.
Refining results ... done.

mode |   affinity | dist from best mode
     | (kcal/mol) | rmsd l.b.| rmsd u.b.
-----+------------+----------+----------
   1         -2.4      0.000      0.000
   2         -2.2      2.071      3.602
   3         -2.1      1.633      2.068
   4         -2.0      2.139      2.934
   5         -2.0      2.341      3.185
   6         -1.8      2.356      3.091
   7         -1.8      3.486      6.857
   8         -1.8      3.290      6.619
   9         -1.7      2.835      4.300
Writing output ... done.
