#################################################################
# If you used AutoDock Vina in your work, please cite:          #
#                                                               #
# O. Trott, A. J. Olson,                                        #
# AutoDock Vina: improving the speed and accuracy of docking    #
# with a new scoring function, efficient optimization and       #
# multithreading, Journal of Computational Chemistry 31 (2010)  #
# 455-461                                                       #
#                                                               #
# DOI 10.1002/jcc.21334                                         #
#                                                               #
# Please see http://vina.scripps.edu for more information.      #
#################################################################

Reading input ... done.
Setting up the scoring function ... done.
Analyzing the binding site ... done.
Using random seed: -517622924
Performing search ... done.
Refining results ... done.

mode |   affinity | dist from best mode
     | (kcal/mol) | rmsd l.b.| rmsd u.b.
-----+------------+----------+----------
   1         -4.8      0.000      0.000
   2         -4.8      1.400      1.989
   3         -4.8      0.076      1.829
   4         -4.7      7.805      8.239
   5         -4.6     13.935     14.405
   6         -4.6      7.849      8.443
   7         -4.6      7.881      8.336
   8         -4.5      7.992      8.539
   9         -4.5      1.972      2.674
Writing output ... done.
