#################################################################
# If you used AutoDock Vina in your work, please cite:          #
#                                                               #
# O. Trott, A. J. Olson,                                        #
# AutoDock Vina: improving the speed and accuracy of docking    #
# with a new scoring function, efficient optimization and       #
# multithreading, Journal of Computational Chemistry 31 (2010)  #
# 455-461                                                       #
#                                                               #
# DOI 10.1002/jcc.21334                                         #
#                                                               #
# Please see http://vina.scripps.edu for more information.      #
#################################################################

Detected 4 CPUs
Reading input ... done.
Setting up the scoring function ... done.
Analyzing the binding site ... done.
Using random seed: 64701968
Performing search ... done.
Refining results ... done.

mode |   affinity | dist from best mode
     | (kcal/mol) | rmsd l.b.| rmsd u.b.
-----+------------+----------+----------
   1         -9.7      0.000      0.000
   2         -9.4      1.433      2.041
   3         -9.4      3.800      9.812
   4         -9.4      4.020      9.883
   5         -9.4      1.618      2.034
   6         -9.1      4.499      9.408
   7         -9.1      3.812      9.968
   8         -9.0      2.187      3.054
   9         -8.9      1.803      2.021
Writing output ... done.
