#################################################################
# If you used AutoDock Vina in your work, please cite:          #
#                                                               #
# O. Trott, A. J. Olson,                                        #
# AutoDock Vina: improving the speed and accuracy of docking    #
# with a new scoring function, efficient optimization and       #
# multithreading, Journal of Computational Chemistry 31 (2010)  #
# 455-461                                                       #
#                                                               #
# DOI 10.1002/jcc.21334                                         #
#                                                               #
# Please see http://vina.scripps.edu for more information.      #
#################################################################

Detected 2 CPUs
Reading input ... done.
Setting up the scoring function ... done.
Analyzing the binding site ... done.
Using random seed: 1786369105
Performing search ... done.
Refining results ... done.

mode |   affinity | dist from best mode
     | (kcal/mol) | rmsd l.b.| rmsd u.b.
-----+------------+----------+----------
   1         -8.7      0.000      0.000
   2         -8.7      1.522      2.069
   3         -8.6      1.351      5.642
   4         -8.6      1.352      5.542
   5         -8.3      1.788      2.616
   6         -8.2      3.322      6.019
   7         -7.9      3.025      5.818
   8         -7.9      2.036      3.979
   9         -6.6      2.714      4.225
Writing output ... done.
