#################################################################
# If you used AutoDock Vina in your work, please cite:          #
#                                                               #
# O. Trott, A. J. Olson,                                        #
# AutoDock Vina: improving the speed and accuracy of docking    #
# with a new scoring function, efficient optimization and       #
# multithreading, Journal of Computational Chemistry 31 (2010)  #
# 455-461                                                       #
#                                                               #
# DOI 10.1002/jcc.21334                                         #
#                                                               #
# Please see http://vina.scripps.edu for more information.      #
#################################################################

Detected 4 CPUs
Reading input ... done.
Setting up the scoring function ... done.
Analyzing the binding site ... done.
Using random seed: -1657464626
Performing search ... done.
Refining results ... done.

mode |   affinity | dist from best mode
     | (kcal/mol) | rmsd l.b.| rmsd u.b.
-----+------------+----------+----------
   1         -8.1      0.000      0.000
   2         -8.1      0.135      1.818
   3         -8.1      1.036      3.133
   4         -8.0      1.016      2.538
   5         -7.9      5.125      7.802
   6         -7.5      5.168      7.663
   7         -7.2      1.006      2.315
   8         -7.1      6.008      8.109
   9         -7.0      1.962      7.611
Writing output ... done.
