#################################################################
# If you used AutoDock Vina in your work, please cite:          #
#                                                               #
# O. Trott, A. J. Olson,                                        #
# AutoDock Vina: improving the speed and accuracy of docking    #
# with a new scoring function, efficient optimization and       #
# multithreading, Journal of Computational Chemistry 31 (2010)  #
# 455-461                                                       #
#                                                               #
# DOI 10.1002/jcc.21334                                         #
#                                                               #
# Please see http://vina.scripps.edu for more information.      #
#################################################################

Detected 4 CPUs
Reading input ... done.
Setting up the scoring function ... done.
Analyzing the binding site ... done.
Using random seed: -1900548818
Performing search ... done.
Refining results ... done.

mode |   affinity | dist from best mode
     | (kcal/mol) | rmsd l.b.| rmsd u.b.
-----+------------+----------+----------
   1         -2.2      0.000      0.000
   2         -2.2      3.197      5.434
   3         -2.1      2.132      5.519
   4         -2.0      2.028      3.688
   5         -2.0      2.259      3.269
   6         -2.0      2.633      3.840
   7         -1.9      1.969      5.668
   8         -1.9      2.251      4.894
   9         -1.9      2.172      3.296
Writing output ... done.
