#################################################################
# If you used AutoDock Vina in your work, please cite:          #
#                                                               #
# O. Trott, A. J. Olson,                                        #
# AutoDock Vina: improving the speed and accuracy of docking    #
# with a new scoring function, efficient optimization and       #
# multithreading, Journal of Computational Chemistry 31 (2010)  #
# 455-461                                                       #
#                                                               #
# DOI 10.1002/jcc.21334                                         #
#                                                               #
# Please see http://vina.scripps.edu for more information.      #
#################################################################

Detected 2 CPUs
Reading input ... done.
Setting up the scoring function ... done.
Analyzing the binding site ... done.
Using random seed: -769026410
Performing search ... done.
Refining results ... done.

mode |   affinity | dist from best mode
     | (kcal/mol) | rmsd l.b.| rmsd u.b.
-----+------------+----------+----------
   1         -2.5      0.000      0.000
   2         -2.4      1.774      5.908
   3         -2.4      2.720      6.103
   4         -2.3      1.654      2.181
   5         -2.3      2.020      6.255
   6         -2.3      2.831      5.699
   7         -2.3      2.256      2.987
   8         -2.3      1.977      6.118
   9         -2.2      1.949      5.847
Writing output ... done.
