#################################################################
# If you used AutoDock Vina in your work, please cite:          #
#                                                               #
# O. Trott, A. J. Olson,                                        #
# AutoDock Vina: improving the speed and accuracy of docking    #
# with a new scoring function, efficient optimization and       #
# multithreading, Journal of Computational Chemistry 31 (2010)  #
# 455-461                                                       #
#                                                               #
# DOI 10.1002/jcc.21334                                         #
#                                                               #
# Please see http://vina.scripps.edu for more information.      #
#################################################################

Detected 4 CPUs
Reading input ... done.
Setting up the scoring function ... done.
Analyzing the binding site ... done.
Using random seed: -277931112
Performing search ... done.
Refining results ... done.

mode |   affinity | dist from best mode
     | (kcal/mol) | rmsd l.b.| rmsd u.b.
-----+------------+----------+----------
   1         -2.4      0.000      0.000
   2         -2.2      1.902      6.071
   3         -2.2      2.004      5.629
   4         -2.1      1.842      3.685
   5         -2.1      2.160      3.648
   6         -2.1      1.507      5.515
   7         -2.0      2.561      6.166
   8         -2.0      2.011      3.325
   9         -2.0      1.960      3.049
Writing output ... done.
