#################################################################
# If you used AutoDock Vina in your work, please cite:          #
#                                                               #
# O. Trott, A. J. Olson,                                        #
# AutoDock Vina: improving the speed and accuracy of docking    #
# with a new scoring function, efficient optimization and       #
# multithreading, Journal of Computational Chemistry 31 (2010)  #
# 455-461                                                       #
#                                                               #
# DOI 10.1002/jcc.21334                                         #
#                                                               #
# Please see http://vina.scripps.edu for more information.      #
#################################################################

Reading input ... done.
Setting up the scoring function ... done.
Analyzing the binding site ... done.
Using random seed: 493548124
Performing search ... done.
Refining results ... done.

mode |   affinity | dist from best mode
     | (kcal/mol) | rmsd l.b.| rmsd u.b.
-----+------------+----------+----------
   1         -9.1      0.000      0.000
   2         -9.0      0.343      7.198
   3         -8.8      1.198      2.185
   4         -8.5      0.685      6.827
   5         -6.9      3.029      5.499
   6         -6.5      3.067      5.503
   7         -6.5      3.069      5.498
   8         -6.5      3.596      6.118
   9         -6.4      3.584      5.876
Writing output ... done.
