#################################################################
# If you used AutoDock Vina in your work, please cite:          #
#                                                               #
# O. Trott, A. J. Olson,                                        #
# AutoDock Vina: improving the speed and accuracy of docking    #
# with a new scoring function, efficient optimization and       #
# multithreading, Journal of Computational Chemistry 31 (2010)  #
# 455-461                                                       #
#                                                               #
# DOI 10.1002/jcc.21334                                         #
#                                                               #
# Please see http://vina.scripps.edu for more information.      #
#################################################################

Detected 4 CPUs
Reading input ... done.
Setting up the scoring function ... done.
Analyzing the binding site ... done.
Using random seed: -612991748
Performing search ... done.
Refining results ... done.

mode |   affinity | dist from best mode
     | (kcal/mol) | rmsd l.b.| rmsd u.b.
-----+------------+----------+----------
   1         -8.9      0.000      0.000
   2         -8.9      0.051      6.208
   3         -8.8      1.661      2.130
   4         -8.8      2.203      3.305
   5         -8.5      3.448      4.853
   6         -8.5      2.280      6.814
   7         -8.4      3.123      7.346
   8         -8.3      3.116      4.380
   9         -8.3      3.528      7.906
Writing output ... done.
