#################################################################
# If you used AutoDock Vina in your work, please cite:          #
#                                                               #
# O. Trott, A. J. Olson,                                        #
# AutoDock Vina: improving the speed and accuracy of docking    #
# with a new scoring function, efficient optimization and       #
# multithreading, Journal of Computational Chemistry 31 (2010)  #
# 455-461                                                       #
#                                                               #
# DOI 10.1002/jcc.21334                                         #
#                                                               #
# Please see http://vina.scripps.edu for more information.      #
#################################################################

Detected 4 CPUs
Reading input ... done.
Setting up the scoring function ... done.
Analyzing the binding site ... done.
Using random seed: 637202379
Performing search ... done.
Refining results ... done.

mode |   affinity | dist from best mode
     | (kcal/mol) | rmsd l.b.| rmsd u.b.
-----+------------+----------+----------
   1         -2.5      0.000      0.000
   2         -2.4      2.050      2.466
   3         -2.4      2.061      2.970
   4         -2.4      3.345      5.999
   5         -2.4      2.917      3.884
   6         -2.2      3.201      5.605
   7         -2.2      1.649      2.599
   8         -2.2      0.949      3.145
   9         -2.2      3.623      5.602
Writing output ... done.
