#################################################################
# If you used AutoDock Vina in your work, please cite:          #
#                                                               #
# O. Trott, A. J. Olson,                                        #
# AutoDock Vina: improving the speed and accuracy of docking    #
# with a new scoring function, efficient optimization and       #
# multithreading, Journal of Computational Chemistry 31 (2010)  #
# 455-461                                                       #
#                                                               #
# DOI 10.1002/jcc.21334                                         #
#                                                               #
# Please see http://vina.scripps.edu for more information.      #
#################################################################

Detected 8 CPUs
Reading input ... done.
Setting up the scoring function ... done.
Analyzing the binding site ... done.
Using random seed: 751143248
Performing search ... done.
Refining results ... done.

mode |   affinity | dist from best mode
     | (kcal/mol) | rmsd l.b.| rmsd u.b.
-----+------------+----------+----------
   1         -2.3      0.000      0.000
   2         -2.0      1.908      2.609
   3         -2.0      2.082      3.352
   4         -2.0      2.078      3.032
   5         -1.9      1.082      2.101
   6         -1.8      5.502      6.141
   7         -1.5      1.954      2.206
   8         -1.5      5.043      5.687
   9         -1.4      2.347      3.445
Writing output ... done.
