#################################################################
# If you used AutoDock Vina in your work, please cite:          #
#                                                               #
# O. Trott, A. J. Olson,                                        #
# AutoDock Vina: improving the speed and accuracy of docking    #
# with a new scoring function, efficient optimization and       #
# multithreading, Journal of Computational Chemistry 31 (2010)  #
# 455-461                                                       #
#                                                               #
# DOI 10.1002/jcc.21334                                         #
#                                                               #
# Please see http://vina.scripps.edu for more information.      #
#################################################################

Detected 4 CPUs
Reading input ... done.
Setting up the scoring function ... done.
Analyzing the binding site ... done.
Using random seed: 2079621724
Performing search ... done.
Refining results ... done.

mode |   affinity | dist from best mode
     | (kcal/mol) | rmsd l.b.| rmsd u.b.
-----+------------+----------+----------
   1         -2.3      0.000      0.000
   2         -2.1      3.203      6.337
   3         -2.1      3.961      7.590
   4         -2.1      1.850      2.389
   5         -2.1      1.666      2.444
   6         -2.0      2.857      6.875
   7         -2.0      2.607      5.393
   8         -1.9      3.190      7.265
   9         -1.8      3.045      7.051
Writing output ... done.
