#################################################################
# If you used AutoDock Vina in your work, please cite:          #
#                                                               #
# O. Trott, A. J. Olson,                                        #
# AutoDock Vina: improving the speed and accuracy of docking    #
# with a new scoring function, efficient optimization and       #
# multithreading, Journal of Computational Chemistry 31 (2010)  #
# 455-461                                                       #
#                                                               #
# DOI 10.1002/jcc.21334                                         #
#                                                               #
# Please see http://vina.scripps.edu for more information.      #
#################################################################

Detected 4 CPUs
Reading input ... done.
Setting up the scoring function ... done.
Analyzing the binding site ... done.
Using random seed: 107637662
Performing search ... done.
Refining results ... done.

mode |   affinity | dist from best mode
     | (kcal/mol) | rmsd l.b.| rmsd u.b.
-----+------------+----------+----------
   1         -4.3      0.000      0.000
   2         -4.3      0.082      2.454
   3         -4.3      0.355      2.260
   4         -4.1      2.187      3.687
   5         -4.1      2.450      3.404
   6         -4.1      2.496      3.844
   7         -4.0      2.185      3.421
   8         -4.0      2.405      3.580
   9         -3.9      3.093      4.545
Writing output ... done.
