#################################################################
# If you used AutoDock Vina in your work, please cite:          #
#                                                               #
# O. Trott, A. J. Olson,                                        #
# AutoDock Vina: improving the speed and accuracy of docking    #
# with a new scoring function, efficient optimization and       #
# multithreading, Journal of Computational Chemistry 31 (2010)  #
# 455-461                                                       #
#                                                               #
# DOI 10.1002/jcc.21334                                         #
#                                                               #
# Please see http://vina.scripps.edu for more information.      #
#################################################################

Detected 4 CPUs
Reading input ... done.
Setting up the scoring function ... done.
Analyzing the binding site ... done.
Using random seed: -1978501896
Performing search ... done.
Refining results ... done.

mode |   affinity | dist from best mode
     | (kcal/mol) | rmsd l.b.| rmsd u.b.
-----+------------+----------+----------
   1         -2.1      0.000      0.000
   2         -2.1      0.071      2.441
   3         -2.1      0.114      1.976
   4         -2.1      0.195      1.972
   5         -1.6      5.061      5.931
   6         -1.6      5.133      5.664
   7         -1.6      5.292      5.817
   8         -1.5      1.884      3.015
   9         -1.5      1.294      3.245
Writing output ... done.
