#################################################################
# If you used AutoDock Vina in your work, please cite:          #
#                                                               #
# O. Trott, A. J. Olson,                                        #
# AutoDock Vina: improving the speed and accuracy of docking    #
# with a new scoring function, efficient optimization and       #
# multithreading, Journal of Computational Chemistry 31 (2010)  #
# 455-461                                                       #
#                                                               #
# DOI 10.1002/jcc.21334                                         #
#                                                               #
# Please see http://vina.scripps.edu for more information.      #
#################################################################

Reading input ... done.
Setting up the scoring function ... done.
Analyzing the binding site ... done.
Using random seed: 1436668753
Performing search ... done.
Refining results ... done.

mode |   affinity | dist from best mode
     | (kcal/mol) | rmsd l.b.| rmsd u.b.
-----+------------+----------+----------
   1         -3.4      0.000      0.000
   2         -3.4      1.305      2.193
   3         -3.4      2.251      2.402
   4         -3.3      6.071      6.716
   5         -3.3      9.081      9.139
   6         -3.3      9.302      9.567
   7         -3.2      2.103      2.249
   8         -3.2      4.010      4.690
   9         -3.1      6.269      6.474
Writing output ... done.
