#################################################################
# If you used AutoDock Vina in your work, please cite:          #
#                                                               #
# O. Trott, A. J. Olson,                                        #
# AutoDock Vina: improving the speed and accuracy of docking    #
# with a new scoring function, efficient optimization and       #
# multithreading, Journal of Computational Chemistry 31 (2010)  #
# 455-461                                                       #
#                                                               #
# DOI 10.1002/jcc.21334                                         #
#                                                               #
# Please see http://vina.scripps.edu for more information.      #
#################################################################

Detected 4 CPUs
Reading input ... done.
Setting up the scoring function ... done.
Analyzing the binding site ... done.
Using random seed: 879397840
Performing search ... done.
Refining results ... done.

mode |   affinity | dist from best mode
     | (kcal/mol) | rmsd l.b.| rmsd u.b.
-----+------------+----------+----------
   1         -3.4      0.000      0.000
   2         -3.3      5.745      6.279
   3         -3.3      2.254      2.420
   4         -3.3      2.659      3.097
   5         -3.3      6.213      6.727
   6         -3.3      5.890      6.635
   7         -3.2      3.252      3.802
   8         -3.2      3.248      3.607
   9         -3.2      2.203      2.283
Writing output ... done.
