#################################################################
# If you used AutoDock Vina in your work, please cite:          #
#                                                               #
# O. Trott, A. J. Olson,                                        #
# AutoDock Vina: improving the speed and accuracy of docking    #
# with a new scoring function, efficient optimization and       #
# multithreading, Journal of Computational Chemistry 31 (2010)  #
# 455-461                                                       #
#                                                               #
# DOI 10.1002/jcc.21334                                         #
#                                                               #
# Please see http://vina.scripps.edu for more information.      #
#################################################################

Detected 4 CPUs
Reading input ... done.
Setting up the scoring function ... done.
Analyzing the binding site ... done.
Using random seed: -1837357579
Performing search ... done.
Refining results ... done.

mode |   affinity | dist from best mode
     | (kcal/mol) | rmsd l.b.| rmsd u.b.
-----+------------+----------+----------
   1         -1.9      0.000      0.000
   2         -1.6      3.067      3.869
   3         -1.5      1.618      1.618
   4         -1.5      3.612      4.002
   5         -1.5      4.154      4.746
   6         -1.5      3.812      4.289
   7         -1.4      2.609      3.088
   8         -1.4      2.858      3.412
   9         -1.3      3.928      4.608
Writing output ... done.
